[INFO] Scanning for projects...
[INFO] 
[INFO] ---------------------< com.casaDoAmor:CasaDoAmor >----------------------
[INFO] Building CasaDoAmor 0.0.1-SNAPSHOT
[INFO]   from pom.xml
[INFO] --------------------------------[ jar ]---------------------------------
[INFO] 
[INFO] --- clean:3.4.1:clean (default-clean) @ CasaDoAmor ---
[INFO] Deleting /home/astra/projetos/CasaDoAmor/backend/CasaDoAmor/target
[INFO] 
[INFO] --- resources:3.3.1:resources (default-resources) @ CasaDoAmor ---
[INFO] Copying 1 resource from src/main/resources to target/classes
[INFO] Copying 0 resource from src/main/resources to target/classes
[INFO] 
[INFO] --- compiler:3.10.1:compile (default-compile) @ CasaDoAmor ---
[INFO] Changes detected - recompiling the module!
[INFO] Compiling 37 source files to /home/astra/projetos/CasaDoAmor/backend/CasaDoAmor/target/classes
[INFO] -------------------------------------------------------------
[ERROR] COMPILATION ERROR : 
[INFO] -------------------------------------------------------------
[ERROR] /home/astra/projetos/CasaDoAmor/backend/CasaDoAmor/src/main/java/com/casaDoAmor/CasaDoAmor/service/EstoqueService.java:[8,44] cannot access com.casaDoAmor.CasaDoAmor.repository.EstoqueRepository
  bad source file: /home/astra/projetos/CasaDoAmor/backend/CasaDoAmor/src/main/java/com/casaDoAmor/CasaDoAmor/repository/EstoqueRepository.java
    file does not contain class com.casaDoAmor.CasaDoAmor.repository.EstoqueRepository
    Please remove or make sure it appears in the correct subdirectory of the sourcepath.
[ERROR] /home/astra/projetos/CasaDoAmor/backend/CasaDoAmor/src/main/java/com/casaDoAmor/CasaDoAmor/repository/EstoqueRepository.java:[12,8] duplicate class: com.CasaDoAmor.CasaDoAmor.repository.EstoqueRepository
[ERROR] /home/astra/projetos/CasaDoAmor/backend/CasaDoAmor/src/main/java/com/casaDoAmor/CasaDoAmor/service/EstoqueService.java:[14,19] cannot find symbol
  symbol:   class EstoqueRepository
  location: class com.casaDoAmor.CasaDoAmor.service.EstoqueService
[ERROR] /home/astra/projetos/CasaDoAmor/backend/CasaDoAmor/src/main/java/com/casaDoAmor/CasaDoAmor/service/EstoqueService.java:[15,27] cannot find symbol
  symbol:   class EstoqueRepository
  location: class com.casaDoAmor.CasaDoAmor.service.EstoqueService
[ERROR] /home/astra/projetos/CasaDoAmor/backend/CasaDoAmor/src/main/java/com/casaDoAmor/CasaDoAmor/service/NotificacaoService.java:[4,39] cannot find symbol
  symbol:   class Estoque
  location: package com.CasaDoAmor.CasaDoAmor.model
[ERROR] /home/astra/projetos/CasaDoAmor/backend/CasaDoAmor/src/main/java/com/casaDoAmor/CasaDoAmor/service/NotificacaoService.java:[5,39] cannot find symbol
  symbol:   class Medicamento
  location: package com.CasaDoAmor.CasaDoAmor.model
[ERROR] /home/astra/projetos/CasaDoAmor/backend/CasaDoAmor/src/main/java/com/casaDoAmor/CasaDoAmor/service/NotificacaoService.java:[8,44] cannot find symbol
  symbol:   class MedicamentoRepository
  location: package com.CasaDoAmor.CasaDoAmor.repository
[ERROR] /home/astra/projetos/CasaDoAmor/backend/CasaDoAmor/src/main/java/com/casaDoAmor/CasaDoAmor/service/NotificacaoService.java:[20,19] cannot find symbol
  symbol:   class MedicamentoRepository
  location: class com.CasaDoAmor.CasaDoAmor.service.NotificacaoService
[ERROR] /home/astra/projetos/CasaDoAmor/backend/CasaDoAmor/src/main/java/com/casaDoAmor/CasaDoAmor/repository/EstoqueRepository.java:[3,39] cannot find symbol
  symbol:   class Estoque
  location: package com.CasaDoAmor.CasaDoAmor.model
[ERROR] /home/astra/projetos/CasaDoAmor/backend/CasaDoAmor/src/main/java/com/casaDoAmor/CasaDoAmor/repository/EstoqueRepository.java:[12,58] cannot find symbol
  symbol: class Estoque
[ERROR] /home/astra/projetos/CasaDoAmor/backend/CasaDoAmor/src/main/java/com/casaDoAmor/CasaDoAmor/service/NotificacaoService.java:[25,31] cannot find symbol
  symbol:   class MedicamentoRepository
  location: class com.CasaDoAmor.CasaDoAmor.service.NotificacaoService
[ERROR] /home/astra/projetos/CasaDoAmor/backend/CasaDoAmor/src/main/java/com/casaDoAmor/CasaDoAmor/repository/EstoqueRepository.java:[20,10] cannot find symbol
  symbol:   class Estoque
  location: interface com.CasaDoAmor.CasaDoAmor.repository.EstoqueRepository
[ERROR] /home/astra/projetos/CasaDoAmor/backend/CasaDoAmor/src/main/java/com/casaDoAmor/CasaDoAmor/controller/NotificacaoController.java:[4,39] cannot find symbol
  symbol:   class Estoque
  location: package com.CasaDoAmor.CasaDoAmor.model
[ERROR] /home/astra/projetos/CasaDoAmor/backend/CasaDoAmor/src/main/java/com/casaDoAmor/CasaDoAmor/controller/NotificacaoController.java:[5,39] cannot find symbol
  symbol:   class Medicamento
  location: package com.CasaDoAmor.CasaDoAmor.model
[ERROR] /home/astra/projetos/CasaDoAmor/backend/CasaDoAmor/src/main/java/com/casaDoAmor/CasaDoAmor/controller/NotificacaoController.java:[8,44] cannot find symbol
  symbol:   class MedicamentoRepository
  location: package com.CasaDoAmor.CasaDoAmor.repository
[ERROR] /home/astra/projetos/CasaDoAmor/backend/CasaDoAmor/src/main/java/com/casaDoAmor/CasaDoAmor/controller/NotificacaoController.java:[25,19] cannot find symbol
  symbol:   class MedicamentoRepository
  location: class com.CasaDoAmor.CasaDoAmor.controller.NotificacaoController
[ERROR] /home/astra/projetos/CasaDoAmor/backend/CasaDoAmor/src/main/java/com/casaDoAmor/CasaDoAmor/controller/NotificacaoController.java:[30,34] cannot find symbol
  symbol:   class MedicamentoRepository
  location: class com.CasaDoAmor.CasaDoAmor.controller.NotificacaoController
[ERROR] /home/astra/projetos/CasaDoAmor/backend/CasaDoAmor/src/main/java/com/casaDoAmor/CasaDoAmor/controller/MedicamentoController.java:[30,29] cannot find symbol
  symbol:   method getNome()
  location: variable dto of type com.casaDoAmor.CasaDoAmor.dto.MedicamentoDTO
[ERROR] /home/astra/projetos/CasaDoAmor/backend/CasaDoAmor/src/main/java/com/casaDoAmor/CasaDoAmor/controller/MedicamentoController.java:[31,29] cannot find symbol
  symbol:   method getLote()
  location: variable dto of type com.casaDoAmor.CasaDoAmor.dto.MedicamentoDTO
[ERROR] /home/astra/projetos/CasaDoAmor/backend/CasaDoAmor/src/main/java/com/casaDoAmor/CasaDoAmor/controller/MedicamentoController.java:[32,42] cannot find symbol
  symbol:   method getFormaFarmaceutica()
  location: variable dto of type com.casaDoAmor.CasaDoAmor.dto.MedicamentoDTO
[ERROR] /home/astra/projetos/CasaDoAmor/backend/CasaDoAmor/src/main/java/com/casaDoAmor/CasaDoAmor/controller/MedicamentoController.java:[33,43] cannot find symbol
  symbol:   method getViaDeAdministracao()
  location: variable dto of type com.casaDoAmor.CasaDoAmor.dto.MedicamentoDTO
[ERROR] /home/astra/projetos/CasaDoAmor/backend/CasaDoAmor/src/main/java/com/casaDoAmor/CasaDoAmor/controller/MedicamentoController.java:[34,37] cannot find symbol
  symbol:   method getConcentracao()
  location: variable dto of type com.casaDoAmor.CasaDoAmor.dto.MedicamentoDTO
[ERROR] /home/astra/projetos/CasaDoAmor/backend/CasaDoAmor/src/main/java/com/casaDoAmor/CasaDoAmor/controller/MedicamentoController.java:[35,45] cannot find symbol
  symbol:   method getCategoriaTerapeutica()
  location: variable dto of type com.casaDoAmor.CasaDoAmor.dto.MedicamentoDTO
[ERROR] /home/astra/projetos/CasaDoAmor/backend/CasaDoAmor/src/main/java/com/casaDoAmor/CasaDoAmor/controller/MedicamentoController.java:[36,46] cannot find symbol
  symbol:   method getLaboratorioFabricante()
  location: variable dto of type com.casaDoAmor.CasaDoAmor.dto.MedicamentoDTO
[ERROR] /home/astra/projetos/CasaDoAmor/backend/CasaDoAmor/src/main/java/com/casaDoAmor/CasaDoAmor/controller/MedicamentoController.java:[37,33] cannot find symbol
  symbol:   method getValidade()
  location: variable dto of type com.casaDoAmor.CasaDoAmor.dto.MedicamentoDTO
[ERROR] /home/astra/projetos/CasaDoAmor/backend/CasaDoAmor/src/main/java/com/casaDoAmor/CasaDoAmor/controller/MedicamentoController.java:[43,29] cannot find symbol
  symbol:   method getNome()
  location: variable entidade of type com.casaDoAmor.CasaDoAmor.model.Medicamento
[ERROR] /home/astra/projetos/CasaDoAmor/backend/CasaDoAmor/src/main/java/com/casaDoAmor/CasaDoAmor/controller/MedicamentoController.java:[44,29] cannot find symbol
  symbol:   method getLote()
  location: variable entidade of type com.casaDoAmor.CasaDoAmor.model.Medicamento
[ERROR] /home/astra/projetos/CasaDoAmor/backend/CasaDoAmor/src/main/java/com/casaDoAmor/CasaDoAmor/controller/MedicamentoController.java:[45,42] cannot find symbol
  symbol:   method getFormaFarmaceutica()
  location: variable entidade of type com.casaDoAmor.CasaDoAmor.model.Medicamento
[ERROR] /home/astra/projetos/CasaDoAmor/backend/CasaDoAmor/src/main/java/com/casaDoAmor/CasaDoAmor/controller/MedicamentoController.java:[46,43] cannot find symbol
  symbol:   method getViaDeAdministracao()
  location: variable entidade of type com.casaDoAmor.CasaDoAmor.model.Medicamento
[ERROR] /home/astra/projetos/CasaDoAmor/backend/CasaDoAmor/src/main/java/com/casaDoAmor/CasaDoAmor/controller/MedicamentoController.java:[47,37] cannot find symbol
  symbol:   method getConcentracao()
  location: variable entidade of type com.casaDoAmor.CasaDoAmor.model.Medicamento
[ERROR] /home/astra/projetos/CasaDoAmor/backend/CasaDoAmor/src/main/java/com/casaDoAmor/CasaDoAmor/controller/MedicamentoController.java:[48,45] cannot find symbol
  symbol:   method getCategoriaTerapeutica()
  location: variable entidade of type com.casaDoAmor.CasaDoAmor.model.Medicamento
[ERROR] /home/astra/projetos/CasaDoAmor/backend/CasaDoAmor/src/main/java/com/casaDoAmor/CasaDoAmor/controller/MedicamentoController.java:[49,46] cannot find symbol
  symbol:   method getLaboratorioFabricante()
  location: variable entidade of type com.casaDoAmor.CasaDoAmor.model.Medicamento
[ERROR] /home/astra/projetos/CasaDoAmor/backend/CasaDoAmor/src/main/java/com/casaDoAmor/CasaDoAmor/controller/MedicamentoController.java:[50,33] cannot find symbol
  symbol:   method getValidade()
  location: variable entidade of type com.casaDoAmor.CasaDoAmor.model.Medicamento
[ERROR] /home/astra/projetos/CasaDoAmor/backend/CasaDoAmor/src/main/java/com/casaDoAmor/CasaDoAmor/controller/MedicamentoController.java:[51,27] cannot find symbol
  symbol:   method getId()
  location: variable entidade of type com.casaDoAmor.CasaDoAmor.model.Medicamento
[ERROR] /home/astra/projetos/CasaDoAmor/backend/CasaDoAmor/src/main/java/com/casaDoAmor/CasaDoAmor/controller/MedicamentoController.java:[58,76] cannot find symbol
  symbol:   method getId()
  location: variable entidadeSalva of type com.casaDoAmor.CasaDoAmor.model.Medicamento
[ERROR] /home/astra/projetos/CasaDoAmor/backend/CasaDoAmor/src/main/java/com/casaDoAmor/CasaDoAmor/service/NotificacaoService.java:[38,14] cannot find symbol
  symbol:   class Medicamento
  location: class com.CasaDoAmor.CasaDoAmor.service.NotificacaoService
[ERROR] /home/astra/projetos/CasaDoAmor/backend/CasaDoAmor/src/main/java/com/casaDoAmor/CasaDoAmor/service/NotificacaoService.java:[40,14] cannot find symbol
  symbol:   class Medicamento
  location: class com.CasaDoAmor.CasaDoAmor.service.NotificacaoService
[ERROR] /home/astra/projetos/CasaDoAmor/backend/CasaDoAmor/src/main/java/com/casaDoAmor/CasaDoAmor/service/NotificacaoService.java:[42,24] cannot find symbol
  symbol:   method setTipoAlerta(java.lang.String)
  location: variable notificacao of type com.CasaDoAmor.CasaDoAmor.model.Notificacao
[ERROR] /home/astra/projetos/CasaDoAmor/backend/CasaDoAmor/src/main/java/com/casaDoAmor/CasaDoAmor/service/NotificacaoService.java:[44,24] cannot find symbol
  symbol:   method setDataCriacao(java.time.LocalDateTime)
  location: variable notificacao of type com.CasaDoAmor.CasaDoAmor.model.Notificacao
[ERROR] /home/astra/projetos/CasaDoAmor/backend/CasaDoAmor/src/main/java/com/casaDoAmor/CasaDoAmor/service/NotificacaoService.java:[49,70] cannot find symbol
  symbol:   method getMensagem()
  location: variable notificacao of type com.CasaDoAmor.CasaDoAmor.model.Notificacao
[ERROR] /home/astra/projetos/CasaDoAmor/backend/CasaDoAmor/src/main/java/com/casaDoAmor/CasaDoAmor/service/NotificacaoService.java:[53,14] cannot find symbol
  symbol:   class Estoque
  location: class com.CasaDoAmor.CasaDoAmor.service.NotificacaoService
[ERROR] /home/astra/projetos/CasaDoAmor/backend/CasaDoAmor/src/main/java/com/casaDoAmor/CasaDoAmor/service/NotificacaoService.java:[55,14] cannot find symbol
  symbol:   class Estoque
  location: class com.CasaDoAmor.CasaDoAmor.service.NotificacaoService
[ERROR] /home/astra/projetos/CasaDoAmor/backend/CasaDoAmor/src/main/java/com/casaDoAmor/CasaDoAmor/service/NotificacaoService.java:[60,24] cannot find symbol
  symbol:   method setTipoAlerta(java.lang.String)
  location: variable notificacao of type com.CasaDoAmor.CasaDoAmor.model.Notificacao
[ERROR] /home/astra/projetos/CasaDoAmor/backend/CasaDoAmor/src/main/java/com/casaDoAmor/CasaDoAmor/service/NotificacaoService.java:[61,24] cannot find symbol
  symbol:   method setMensagem(java.lang.String)
  location: variable notificacao of type com.CasaDoAmor.CasaDoAmor.model.Notificacao
[ERROR] /home/astra/projetos/CasaDoAmor/backend/CasaDoAmor/src/main/java/com/casaDoAmor/CasaDoAmor/service/NotificacaoService.java:[62,24] cannot find symbol
  symbol:   method setDataCriacao(java.time.LocalDateTime)
  location: variable notificacao of type com.CasaDoAmor.CasaDoAmor.model.Notificacao
[ERROR] /home/astra/projetos/CasaDoAmor/backend/CasaDoAmor/src/main/java/com/casaDoAmor/CasaDoAmor/service/NotificacaoService.java:[67,70] cannot find symbol
  symbol:   method getMensagem()
  location: variable notificacao of type com.CasaDoAmor.CasaDoAmor.model.Notificacao
[ERROR] /home/astra/projetos/CasaDoAmor/backend/CasaDoAmor/src/main/java/com/casaDoAmor/CasaDoAmor/controller/LocalController.java:[28,29] cannot find symbol
  symbol:   method getNome()
  location: variable dto of type com.casaDoAmor.CasaDoAmor.dto.LocalDTO
[ERROR] /home/astra/projetos/CasaDoAmor/backend/CasaDoAmor/src/main/java/com/casaDoAmor/CasaDoAmor/controller/LocalController.java:[33,29] cannot find symbol
  symbol:   method getNome()
  location: variable entidade of type com.casaDoAmor.CasaDoAmor.model.Local
[ERROR] /home/astra/projetos/CasaDoAmor/backend/CasaDoAmor/src/main/java/com/casaDoAmor/CasaDoAmor/controller/LocalController.java:[34,27] cannot find symbol
  symbol:   method getId()
  location: variable entidade of type com.casaDoAmor.CasaDoAmor.model.Local
[ERROR] /home/astra/projetos/CasaDoAmor/backend/CasaDoAmor/src/main/java/com/casaDoAmor/CasaDoAmor/controller/LocalController.java:[41,76] cannot find symbol
  symbol:   method getId()
  location: variable entidadeSalva of type com.casaDoAmor.CasaDoAmor.model.Local
[ERROR] /home/astra/projetos/CasaDoAmor/backend/CasaDoAmor/src/main/java/com/casaDoAmor/CasaDoAmor/controller/DoadorController.java:[28,32] cannot find symbol
  symbol:   method getCpfCnpj()
  location: variable dto of type com.casaDoAmor.CasaDoAmor.dto.DoadorDTO
[ERROR] /home/astra/projetos/CasaDoAmor/backend/CasaDoAmor/src/main/java/com/casaDoAmor/CasaDoAmor/controller/DoadorController.java:[29,29] cannot find symbol
  symbol:   method getNome()
  location: variable dto of type com.casaDoAmor.CasaDoAmor.dto.DoadorDTO
[ERROR] /home/astra/projetos/CasaDoAmor/backend/CasaDoAmor/src/main/java/com/casaDoAmor/CasaDoAmor/controller/DoadorController.java:[30,30] cannot find symbol
  symbol:   method getEmail()
  location: variable dto of type com.casaDoAmor.CasaDoAmor.dto.DoadorDTO
[ERROR] /home/astra/projetos/CasaDoAmor/backend/CasaDoAmor/src/main/java/com/casaDoAmor/CasaDoAmor/controller/DoadorController.java:[31,33] cannot find symbol
  symbol:   method getTelefone()
  location: variable dto of type com.casaDoAmor.CasaDoAmor.dto.DoadorDTO
[ERROR] /home/astra/projetos/CasaDoAmor/backend/CasaDoAmor/src/main/java/com/casaDoAmor/CasaDoAmor/controller/DoadorController.java:[36,32] cannot find symbol
  symbol:   method getCpfCnpj()
  location: variable entidade of type com.casaDoAmor.CasaDoAmor.model.Doador
[ERROR] /home/astra/projetos/CasaDoAmor/backend/CasaDoAmor/src/main/java/com/casaDoAmor/CasaDoAmor/controller/DoadorController.java:[37,29] cannot find symbol
  symbol:   method getNome()
  location: variable entidade of type com.casaDoAmor.CasaDoAmor.model.Doador
[ERROR] /home/astra/projetos/CasaDoAmor/backend/CasaDoAmor/src/main/java/com/casaDoAmor/CasaDoAmor/controller/DoadorController.java:[38,30] cannot find symbol
  symbol:   method getEmail()
  location: variable entidade of type com.casaDoAmor.CasaDoAmor.model.Doador
[ERROR] /home/astra/projetos/CasaDoAmor/backend/CasaDoAmor/src/main/java/com/casaDoAmor/CasaDoAmor/controller/DoadorController.java:[39,33] cannot find symbol
  symbol:   method getTelefone()
  location: variable entidade of type com.casaDoAmor.CasaDoAmor.model.Doador
[ERROR] /home/astra/projetos/CasaDoAmor/backend/CasaDoAmor/src/main/java/com/casaDoAmor/CasaDoAmor/controller/DoadorController.java:[40,27] cannot find symbol
  symbol:   method getId()
  location: variable entidade of type com.casaDoAmor.CasaDoAmor.model.Doador
[ERROR] /home/astra/projetos/CasaDoAmor/backend/CasaDoAmor/src/main/java/com/casaDoAmor/CasaDoAmor/controller/DoadorController.java:[49,76] cannot find symbol
  symbol:   method getId()
  location: variable entidadeSalva of type com.casaDoAmor.CasaDoAmor.model.Doador
[ERROR] /home/astra/projetos/CasaDoAmor/backend/CasaDoAmor/src/main/java/com/casaDoAmor/CasaDoAmor/controller/NotificacaoController.java:[49,13] cannot find symbol
  symbol:   class Medicamento
  location: class com.CasaDoAmor.CasaDoAmor.controller.NotificacaoController
[ERROR] /home/astra/projetos/CasaDoAmor/backend/CasaDoAmor/src/main/java/com/casaDoAmor/CasaDoAmor/controller/NotificacaoController.java:[49,43] cannot find symbol
  symbol:   class Medicamento
  location: class com.CasaDoAmor.CasaDoAmor.controller.NotificacaoController
[ERROR] /home/astra/projetos/CasaDoAmor/backend/CasaDoAmor/src/main/java/com/casaDoAmor/CasaDoAmor/controller/NotificacaoController.java:[61,13] cannot find symbol
  symbol:   class Medicamento
  location: class com.CasaDoAmor.CasaDoAmor.controller.NotificacaoController
[ERROR] /home/astra/projetos/CasaDoAmor/backend/CasaDoAmor/src/main/java/com/casaDoAmor/CasaDoAmor/controller/NotificacaoController.java:[61,42] cannot find symbol
  symbol:   class Medicamento
  location: class com.CasaDoAmor.CasaDoAmor.controller.NotificacaoController
[ERROR] /home/astra/projetos/CasaDoAmor/backend/CasaDoAmor/src/main/java/com/casaDoAmor/CasaDoAmor/controller/NotificacaoController.java:[72,13] cannot find symbol
  symbol:   class Estoque
  location: class com.CasaDoAmor.CasaDoAmor.controller.NotificacaoController
[ERROR] /home/astra/projetos/CasaDoAmor/backend/CasaDoAmor/src/main/java/com/casaDoAmor/CasaDoAmor/controller/NotificacaoController.java:[72,40] cannot find symbol
  symbol:   class Estoque
  location: class com.CasaDoAmor.CasaDoAmor.controller.NotificacaoController
[ERROR] /home/astra/projetos/CasaDoAmor/backend/CasaDoAmor/src/main/java/com/casaDoAmor/CasaDoAmor/controller/UsuarioController.java:[32,29] cannot find symbol
  symbol:   method getNome()
  location: variable dto of type com.casaDoAmor.CasaDoAmor.dto.UsuarioDTO
[ERROR] /home/astra/projetos/CasaDoAmor/backend/CasaDoAmor/src/main/java/com/casaDoAmor/CasaDoAmor/controller/UsuarioController.java:[33,30] cannot find symbol
  symbol:   method getCargo()
  location: variable dto of type com.casaDoAmor.CasaDoAmor.dto.UsuarioDTO
[ERROR] /home/astra/projetos/CasaDoAmor/backend/CasaDoAmor/src/main/java/com/casaDoAmor/CasaDoAmor/controller/UsuarioController.java:[39,29] cannot find symbol
  symbol:   method getNome()
  location: variable entidade of type com.casaDoAmor.CasaDoAmor.model.Usuario
[ERROR] /home/astra/projetos/CasaDoAmor/backend/CasaDoAmor/src/main/java/com/casaDoAmor/CasaDoAmor/controller/UsuarioController.java:[40,30] cannot find symbol
  symbol:   method getCargo()
  location: variable entidade of type com.casaDoAmor.CasaDoAmor.model.Usuario
[ERROR] /home/astra/projetos/CasaDoAmor/backend/CasaDoAmor/src/main/java/com/casaDoAmor/CasaDoAmor/controller/UsuarioController.java:[41,27] cannot find symbol
  symbol:   method getId()
  location: variable entidade of type com.casaDoAmor.CasaDoAmor.model.Usuario
[ERROR] /home/astra/projetos/CasaDoAmor/backend/CasaDoAmor/src/main/java/com/casaDoAmor/CasaDoAmor/controller/UsuarioController.java:[49,76] cannot find symbol
  symbol:   method getId()
  location: variable entidadeSalva of type com.casaDoAmor.CasaDoAmor.model.Usuario
[ERROR] /home/astra/projetos/CasaDoAmor/backend/CasaDoAmor/src/main/java/com/casaDoAmor/CasaDoAmor/controller/EstoqueController.java:[27,35] cannot find symbol
  symbol:   method getQuantidade()
  location: variable dto of type com.casaDoAmor.CasaDoAmor.dto.EstoqueDTO
[ERROR] /home/astra/projetos/CasaDoAmor/backend/CasaDoAmor/src/main/java/com/casaDoAmor/CasaDoAmor/controller/EstoqueController.java:[28,38] cannot find symbol
  symbol:   method getEstoqueMinimo()
  location: variable dto of type com.casaDoAmor.CasaDoAmor.dto.EstoqueDTO
[ERROR] /home/astra/projetos/CasaDoAmor/backend/CasaDoAmor/src/main/java/com/casaDoAmor/CasaDoAmor/controller/EstoqueController.java:[29,38] cannot find symbol
  symbol:   method getEstoqueMaximo()
  location: variable dto of type com.casaDoAmor.CasaDoAmor.dto.EstoqueDTO
[ERROR] /home/astra/projetos/CasaDoAmor/backend/CasaDoAmor/src/main/java/com/casaDoAmor/CasaDoAmor/controller/EstoqueController.java:[30,31] cannot find symbol
  symbol:   method getStatus()
  location: variable dto of type com.casaDoAmor.CasaDoAmor.dto.EstoqueDTO
[ERROR] /home/astra/projetos/CasaDoAmor/backend/CasaDoAmor/src/main/java/com/casaDoAmor/CasaDoAmor/controller/EstoqueController.java:[36,35] cannot find symbol
  symbol:   method getQuantidade()
  location: variable entidade of type com.casaDoAmor.CasaDoAmor.model.Estoque
[ERROR] /home/astra/projetos/CasaDoAmor/backend/CasaDoAmor/src/main/java/com/casaDoAmor/CasaDoAmor/controller/EstoqueController.java:[37,38] cannot find symbol
  symbol:   method getEstoqueMinimo()
  location: variable entidade of type com.casaDoAmor.CasaDoAmor.model.Estoque
[ERROR] /home/astra/projetos/CasaDoAmor/backend/CasaDoAmor/src/main/java/com/casaDoAmor/CasaDoAmor/controller/EstoqueController.java:[38,38] cannot find symbol
  symbol:   method getEstoqueMaximo()
  location: variable entidade of type com.casaDoAmor.CasaDoAmor.model.Estoque
[ERROR] /home/astra/projetos/CasaDoAmor/backend/CasaDoAmor/src/main/java/com/casaDoAmor/CasaDoAmor/controller/EstoqueController.java:[39,31] cannot find symbol
  symbol:   method getStatus()
  location: variable entidade of type com.casaDoAmor.CasaDoAmor.model.Estoque
[ERROR] /home/astra/projetos/CasaDoAmor/backend/CasaDoAmor/src/main/java/com/casaDoAmor/CasaDoAmor/controller/EstoqueController.java:[40,27] cannot find symbol
  symbol:   method getId()
  location: variable entidade of type com.casaDoAmor.CasaDoAmor.model.Estoque
[ERROR] /home/astra/projetos/CasaDoAmor/backend/CasaDoAmor/src/main/java/com/casaDoAmor/CasaDoAmor/controller/EstoqueController.java:[47,76] cannot find symbol
  symbol:   method getId()
  location: variable entidadeSalva of type com.casaDoAmor.CasaDoAmor.model.Estoque
[ERROR] /home/astra/projetos/CasaDoAmor/backend/CasaDoAmor/src/main/java/com/casaDoAmor/CasaDoAmor/controller/DenominacaoGenericaController.java:[26,29] cannot find symbol
  symbol:   method getNome()
  location: variable dto of type com.casaDoAmor.CasaDoAmor.dto.DenominacaoGenericaDTO
[ERROR] /home/astra/projetos/CasaDoAmor/backend/CasaDoAmor/src/main/java/com/casaDoAmor/CasaDoAmor/controller/DenominacaoGenericaController.java:[31,29] cannot find symbol
  symbol:   method getNome()
  location: variable entidade of type com.casaDoAmor.CasaDoAmor.model.DenominacaoGenerica
[ERROR] /home/astra/projetos/CasaDoAmor/backend/CasaDoAmor/src/main/java/com/casaDoAmor/CasaDoAmor/controller/DenominacaoGenericaController.java:[32,27] cannot find symbol
  symbol:   method getId()
  location: variable entidade of type com.casaDoAmor.CasaDoAmor.model.DenominacaoGenerica
[ERROR] /home/astra/projetos/CasaDoAmor/backend/CasaDoAmor/src/main/java/com/casaDoAmor/CasaDoAmor/controller/DenominacaoGenericaController.java:[40,76] cannot find symbol
  symbol:   method getId()
  location: variable entidadeSalva of type com.casaDoAmor.CasaDoAmor.model.DenominacaoGenerica
[INFO] 86 errors 
[INFO] -------------------------------------------------------------
[INFO] ------------------------------------------------------------------------
[INFO] BUILD FAILURE
[INFO] ------------------------------------------------------------------------
[INFO] Total time:  1.617 s
[INFO] Finished at: 2025-11-07T19:38:02-03:00
[INFO] ------------------------------------------------------------------------
[ERROR] Failed to execute goal org.apache.maven.plugins:maven-compiler-plugin:3.10.1:compile (default-compile) on project CasaDoAmor: Compilation failure: Compilation failure: 
[ERROR] /home/astra/projetos/CasaDoAmor/backend/CasaDoAmor/src/main/java/com/casaDoAmor/CasaDoAmor/service/EstoqueService.java:[8,44] cannot access com.casaDoAmor.CasaDoAmor.repository.EstoqueRepository
[ERROR]   bad source file: /home/astra/projetos/CasaDoAmor/backend/CasaDoAmor/src/main/java/com/casaDoAmor/CasaDoAmor/repository/EstoqueRepository.java
[ERROR]     file does not contain class com.casaDoAmor.CasaDoAmor.repository.EstoqueRepository
[ERROR]     Please remove or make sure it appears in the correct subdirectory of the sourcepath.
[ERROR] /home/astra/projetos/CasaDoAmor/backend/CasaDoAmor/src/main/java/com/casaDoAmor/CasaDoAmor/repository/EstoqueRepository.java:[12,8] duplicate class: com.CasaDoAmor.CasaDoAmor.repository.EstoqueRepository
[ERROR] /home/astra/projetos/CasaDoAmor/backend/CasaDoAmor/src/main/java/com/casaDoAmor/CasaDoAmor/service/EstoqueService.java:[14,19] cannot find symbol
[ERROR]   symbol:   class EstoqueRepository
[ERROR]   location: class com.casaDoAmor.CasaDoAmor.service.EstoqueService
[ERROR] /home/astra/projetos/CasaDoAmor/backend/CasaDoAmor/src/main/java/com/casaDoAmor/CasaDoAmor/service/EstoqueService.java:[15,27] cannot find symbol
[ERROR]   symbol:   class EstoqueRepository
[ERROR]   location: class com.casaDoAmor.CasaDoAmor.service.EstoqueService
[ERROR] /home/astra/projetos/CasaDoAmor/backend/CasaDoAmor/src/main/java/com/casaDoAmor/CasaDoAmor/service/NotificacaoService.java:[4,39] cannot find symbol
[ERROR]   symbol:   class Estoque
[ERROR]   location: package com.CasaDoAmor.CasaDoAmor.model
[ERROR] /home/astra/projetos/CasaDoAmor/backend/CasaDoAmor/src/main/java/com/casaDoAmor/CasaDoAmor/service/NotificacaoService.java:[5,39] cannot find symbol
[ERROR]   symbol:   class Medicamento
[ERROR]   location: package com.CasaDoAmor.CasaDoAmor.model
[ERROR] /home/astra/projetos/CasaDoAmor/backend/CasaDoAmor/src/main/java/com/casaDoAmor/CasaDoAmor/service/NotificacaoService.java:[8,44] cannot find symbol
[ERROR]   symbol:   class MedicamentoRepository
[ERROR]   location: package com.CasaDoAmor.CasaDoAmor.repository
[ERROR] /home/astra/projetos/CasaDoAmor/backend/CasaDoAmor/src/main/java/com/casaDoAmor/CasaDoAmor/service/NotificacaoService.java:[20,19] cannot find symbol
[ERROR]   symbol:   class MedicamentoRepository
[ERROR]   location: class com.CasaDoAmor.CasaDoAmor.service.NotificacaoService
[ERROR] /home/astra/projetos/CasaDoAmor/backend/CasaDoAmor/src/main/java/com/casaDoAmor/CasaDoAmor/repository/EstoqueRepository.java:[3,39] cannot find symbol
[ERROR]   symbol:   class Estoque
[ERROR]   location: package com.CasaDoAmor.CasaDoAmor.model
[ERROR] /home/astra/projetos/CasaDoAmor/backend/CasaDoAmor/src/main/java/com/casaDoAmor/CasaDoAmor/repository/EstoqueRepository.java:[12,58] cannot find symbol
[ERROR]   symbol: class Estoque
[ERROR] /home/astra/projetos/CasaDoAmor/backend/CasaDoAmor/src/main/java/com/casaDoAmor/CasaDoAmor/service/NotificacaoService.java:[25,31] cannot find symbol
[ERROR]   symbol:   class MedicamentoRepository
[ERROR]   location: class com.CasaDoAmor.CasaDoAmor.service.NotificacaoService
[ERROR] /home/astra/projetos/CasaDoAmor/backend/CasaDoAmor/src/main/java/com/casaDoAmor/CasaDoAmor/repository/EstoqueRepository.java:[20,10] cannot find symbol
[ERROR]   symbol:   class Estoque
[ERROR]   location: interface com.CasaDoAmor.CasaDoAmor.repository.EstoqueRepository
[ERROR] /home/astra/projetos/CasaDoAmor/backend/CasaDoAmor/src/main/java/com/casaDoAmor/CasaDoAmor/controller/NotificacaoController.java:[4,39] cannot find symbol
[ERROR]   symbol:   class Estoque
[ERROR]   location: package com.CasaDoAmor.CasaDoAmor.model
[ERROR] /home/astra/projetos/CasaDoAmor/backend/CasaDoAmor/src/main/java/com/casaDoAmor/CasaDoAmor/controller/NotificacaoController.java:[5,39] cannot find symbol
[ERROR]   symbol:   class Medicamento
[ERROR]   location: package com.CasaDoAmor.CasaDoAmor.model
[ERROR] /home/astra/projetos/CasaDoAmor/backend/CasaDoAmor/src/main/java/com/casaDoAmor/CasaDoAmor/controller/NotificacaoController.java:[8,44] cannot find symbol
[ERROR]   symbol:   class MedicamentoRepository
[ERROR]   location: package com.CasaDoAmor.CasaDoAmor.repository
[ERROR] /home/astra/projetos/CasaDoAmor/backend/CasaDoAmor/src/main/java/com/casaDoAmor/CasaDoAmor/controller/NotificacaoController.java:[25,19] cannot find symbol
[ERROR]   symbol:   class MedicamentoRepository
[ERROR]   location: class com.CasaDoAmor.CasaDoAmor.controller.NotificacaoController
[ERROR] /home/astra/projetos/CasaDoAmor/backend/CasaDoAmor/src/main/java/com/casaDoAmor/CasaDoAmor/controller/NotificacaoController.java:[30,34] cannot find symbol
[ERROR]   symbol:   class MedicamentoRepository
[ERROR]   location: class com.CasaDoAmor.CasaDoAmor.controller.NotificacaoController
[ERROR] /home/astra/projetos/CasaDoAmor/backend/CasaDoAmor/src/main/java/com/casaDoAmor/CasaDoAmor/controller/MedicamentoController.java:[30,29] cannot find symbol
[ERROR]   symbol:   method getNome()
[ERROR]   location: variable dto of type com.casaDoAmor.CasaDoAmor.dto.MedicamentoDTO
[ERROR] /home/astra/projetos/CasaDoAmor/backend/CasaDoAmor/src/main/java/com/casaDoAmor/CasaDoAmor/controller/MedicamentoController.java:[31,29] cannot find symbol
[ERROR]   symbol:   method getLote()
[ERROR]   location: variable dto of type com.casaDoAmor.CasaDoAmor.dto.MedicamentoDTO
[ERROR] /home/astra/projetos/CasaDoAmor/backend/CasaDoAmor/src/main/java/com/casaDoAmor/CasaDoAmor/controller/MedicamentoController.java:[32,42] cannot find symbol
[ERROR]   symbol:   method getFormaFarmaceutica()
[ERROR]   location: variable dto of type com.casaDoAmor.CasaDoAmor.dto.MedicamentoDTO
[ERROR] /home/astra/projetos/CasaDoAmor/backend/CasaDoAmor/src/main/java/com/casaDoAmor/CasaDoAmor/controller/MedicamentoController.java:[33,43] cannot find symbol
[ERROR]   symbol:   method getViaDeAdministracao()
[ERROR]   location: variable dto of type com.casaDoAmor.CasaDoAmor.dto.MedicamentoDTO
[ERROR] /home/astra/projetos/CasaDoAmor/backend/CasaDoAmor/src/main/java/com/casaDoAmor/CasaDoAmor/controller/MedicamentoController.java:[34,37] cannot find symbol
[ERROR]   symbol:   method getConcentracao()
[ERROR]   location: variable dto of type com.casaDoAmor.CasaDoAmor.dto.MedicamentoDTO
[ERROR] /home/astra/projetos/CasaDoAmor/backend/CasaDoAmor/src/main/java/com/casaDoAmor/CasaDoAmor/controller/MedicamentoController.java:[35,45] cannot find symbol
[ERROR]   symbol:   method getCategoriaTerapeutica()
[ERROR]   location: variable dto of type com.casaDoAmor.CasaDoAmor.dto.MedicamentoDTO
[ERROR] /home/astra/projetos/CasaDoAmor/backend/CasaDoAmor/src/main/java/com/casaDoAmor/CasaDoAmor/controller/MedicamentoController.java:[36,46] cannot find symbol
[ERROR]   symbol:   method getLaboratorioFabricante()
[ERROR]   location: variable dto of type com.casaDoAmor.CasaDoAmor.dto.MedicamentoDTO
[ERROR] /home/astra/projetos/CasaDoAmor/backend/CasaDoAmor/src/main/java/com/casaDoAmor/CasaDoAmor/controller/MedicamentoController.java:[37,33] cannot find symbol
[ERROR]   symbol:   method getValidade()
[ERROR]   location: variable dto of type com.casaDoAmor.CasaDoAmor.dto.MedicamentoDTO
[ERROR] /home/astra/projetos/CasaDoAmor/backend/CasaDoAmor/src/main/java/com/casaDoAmor/CasaDoAmor/controller/MedicamentoController.java:[43,29] cannot find symbol
[ERROR]   symbol:   method getNome()
[ERROR]   location: variable entidade of type com.casaDoAmor.CasaDoAmor.model.Medicamento
[ERROR] /home/astra/projetos/CasaDoAmor/backend/CasaDoAmor/src/main/java/com/casaDoAmor/CasaDoAmor/controller/MedicamentoController.java:[44,29] cannot find symbol
[ERROR]   symbol:   method getLote()
[ERROR]   location: variable entidade of type com.casaDoAmor.CasaDoAmor.model.Medicamento
[ERROR] /home/astra/projetos/CasaDoAmor/backend/CasaDoAmor/src/main/java/com/casaDoAmor/CasaDoAmor/controller/MedicamentoController.java:[45,42] cannot find symbol
[ERROR]   symbol:   method getFormaFarmaceutica()
[ERROR]   location: variable entidade of type com.casaDoAmor.CasaDoAmor.model.Medicamento
[ERROR] /home/astra/projetos/CasaDoAmor/backend/CasaDoAmor/src/main/java/com/casaDoAmor/CasaDoAmor/controller/MedicamentoController.java:[46,43] cannot find symbol
[ERROR]   symbol:   method getViaDeAdministracao()
[ERROR]   location: variable entidade of type com.casaDoAmor.CasaDoAmor.model.Medicamento
[ERROR] /home/astra/projetos/CasaDoAmor/backend/CasaDoAmor/src/main/java/com/casaDoAmor/CasaDoAmor/controller/MedicamentoController.java:[47,37] cannot find symbol
[ERROR]   symbol:   method getConcentracao()
[ERROR]   location: variable entidade of type com.casaDoAmor.CasaDoAmor.model.Medicamento
[ERROR] /home/astra/projetos/CasaDoAmor/backend/CasaDoAmor/src/main/java/com/casaDoAmor/CasaDoAmor/controller/MedicamentoController.java:[48,45] cannot find symbol
[ERROR]   symbol:   method getCategoriaTerapeutica()
[ERROR]   location: variable entidade of type com.casaDoAmor.CasaDoAmor.model.Medicamento
[ERROR] /home/astra/projetos/CasaDoAmor/backend/CasaDoAmor/src/main/java/com/casaDoAmor/CasaDoAmor/controller/MedicamentoController.java:[49,46] cannot find symbol
[ERROR]   symbol:   method getLaboratorioFabricante()
[ERROR]   location: variable entidade of type com.casaDoAmor.CasaDoAmor.model.Medicamento
[ERROR] /home/astra/projetos/CasaDoAmor/backend/CasaDoAmor/src/main/java/com/casaDoAmor/CasaDoAmor/controller/MedicamentoController.java:[50,33] cannot find symbol
[ERROR]   symbol:   method getValidade()
[ERROR]   location: variable entidade of type com.casaDoAmor.CasaDoAmor.model.Medicamento
[ERROR] /home/astra/projetos/CasaDoAmor/backend/CasaDoAmor/src/main/java/com/casaDoAmor/CasaDoAmor/controller/MedicamentoController.java:[51,27] cannot find symbol
[ERROR]   symbol:   method getId()
[ERROR]   location: variable entidade of type com.casaDoAmor.CasaDoAmor.model.Medicamento
[ERROR] /home/astra/projetos/CasaDoAmor/backend/CasaDoAmor/src/main/java/com/casaDoAmor/CasaDoAmor/controller/MedicamentoController.java:[58,76] cannot find symbol
[ERROR]   symbol:   method getId()
[ERROR]   location: variable entidadeSalva of type com.casaDoAmor.CasaDoAmor.model.Medicamento
[ERROR] /home/astra/projetos/CasaDoAmor/backend/CasaDoAmor/src/main/java/com/casaDoAmor/CasaDoAmor/service/NotificacaoService.java:[38,14] cannot find symbol
[ERROR]   symbol:   class Medicamento
[ERROR]   location: class com.CasaDoAmor.CasaDoAmor.service.NotificacaoService
[ERROR] /home/astra/projetos/CasaDoAmor/backend/CasaDoAmor/src/main/java/com/casaDoAmor/CasaDoAmor/service/NotificacaoService.java:[40,14] cannot find symbol
[ERROR]   symbol:   class Medicamento
[ERROR]   location: class com.CasaDoAmor.CasaDoAmor.service.NotificacaoService
[ERROR] /home/astra/projetos/CasaDoAmor/backend/CasaDoAmor/src/main/java/com/casaDoAmor/CasaDoAmor/service/NotificacaoService.java:[42,24] cannot find symbol
[ERROR]   symbol:   method setTipoAlerta(java.lang.String)
[ERROR]   location: variable notificacao of type com.CasaDoAmor.CasaDoAmor.model.Notificacao
[ERROR] /home/astra/projetos/CasaDoAmor/backend/CasaDoAmor/src/main/java/com/casaDoAmor/CasaDoAmor/service/NotificacaoService.java:[44,24] cannot find symbol
[ERROR]   symbol:   method setDataCriacao(java.time.LocalDateTime)
[ERROR]   location: variable notificacao of type com.CasaDoAmor.CasaDoAmor.model.Notificacao
[ERROR] /home/astra/projetos/CasaDoAmor/backend/CasaDoAmor/src/main/java/com/casaDoAmor/CasaDoAmor/service/NotificacaoService.java:[49,70] cannot find symbol
[ERROR]   symbol:   method getMensagem()
[ERROR]   location: variable notificacao of type com.CasaDoAmor.CasaDoAmor.model.Notificacao
[ERROR] /home/astra/projetos/CasaDoAmor/backend/CasaDoAmor/src/main/java/com/casaDoAmor/CasaDoAmor/service/NotificacaoService.java:[53,14] cannot find symbol
[ERROR]   symbol:   class Estoque
[ERROR]   location: class com.CasaDoAmor.CasaDoAmor.service.NotificacaoService
[ERROR] /home/astra/projetos/CasaDoAmor/backend/CasaDoAmor/src/main/java/com/casaDoAmor/CasaDoAmor/service/NotificacaoService.java:[55,14] cannot find symbol
[ERROR]   symbol:   class Estoque
[ERROR]   location: class com.CasaDoAmor.CasaDoAmor.service.NotificacaoService
[ERROR] /home/astra/projetos/CasaDoAmor/backend/CasaDoAmor/src/main/java/com/casaDoAmor/CasaDoAmor/service/NotificacaoService.java:[60,24] cannot find symbol
[ERROR]   symbol:   method setTipoAlerta(java.lang.String)
[ERROR]   location: variable notificacao of type com.CasaDoAmor.CasaDoAmor.model.Notificacao
[ERROR] /home/astra/projetos/CasaDoAmor/backend/CasaDoAmor/src/main/java/com/casaDoAmor/CasaDoAmor/service/NotificacaoService.java:[61,24] cannot find symbol
[ERROR]   symbol:   method setMensagem(java.lang.String)
[ERROR]   location: variable notificacao of type com.CasaDoAmor.CasaDoAmor.model.Notificacao
[ERROR] /home/astra/projetos/CasaDoAmor/backend/CasaDoAmor/src/main/java/com/casaDoAmor/CasaDoAmor/service/NotificacaoService.java:[62,24] cannot find symbol
[ERROR]   symbol:   method setDataCriacao(java.time.LocalDateTime)
[ERROR]   location: variable notificacao of type com.CasaDoAmor.CasaDoAmor.model.Notificacao
[ERROR] /home/astra/projetos/CasaDoAmor/backend/CasaDoAmor/src/main/java/com/casaDoAmor/CasaDoAmor/service/NotificacaoService.java:[67,70] cannot find symbol
[ERROR]   symbol:   method getMensagem()
[ERROR]   location: variable notificacao of type com.CasaDoAmor.CasaDoAmor.model.Notificacao
[ERROR] /home/astra/projetos/CasaDoAmor/backend/CasaDoAmor/src/main/java/com/casaDoAmor/CasaDoAmor/controller/LocalController.java:[28,29] cannot find symbol
[ERROR]   symbol:   method getNome()
[ERROR]   location: variable dto of type com.casaDoAmor.CasaDoAmor.dto.LocalDTO
[ERROR] /home/astra/projetos/CasaDoAmor/backend/CasaDoAmor/src/main/java/com/casaDoAmor/CasaDoAmor/controller/LocalController.java:[33,29] cannot find symbol
[ERROR]   symbol:   method getNome()
[ERROR]   location: variable entidade of type com.casaDoAmor.CasaDoAmor.model.Local
[ERROR] /home/astra/projetos/CasaDoAmor/backend/CasaDoAmor/src/main/java/com/casaDoAmor/CasaDoAmor/controller/LocalController.java:[34,27] cannot find symbol
[ERROR]   symbol:   method getId()
[ERROR]   location: variable entidade of type com.casaDoAmor.CasaDoAmor.model.Local
[ERROR] /home/astra/projetos/CasaDoAmor/backend/CasaDoAmor/src/main/java/com/casaDoAmor/CasaDoAmor/controller/LocalController.java:[41,76] cannot find symbol
[ERROR]   symbol:   method getId()
[ERROR]   location: variable entidadeSalva of type com.casaDoAmor.CasaDoAmor.model.Local
[ERROR] /home/astra/projetos/CasaDoAmor/backend/CasaDoAmor/src/main/java/com/casaDoAmor/CasaDoAmor/controller/DoadorController.java:[28,32] cannot find symbol
[ERROR]   symbol:   method getCpfCnpj()
[ERROR]   location: variable dto of type com.casaDoAmor.CasaDoAmor.dto.DoadorDTO
[ERROR] /home/astra/projetos/CasaDoAmor/backend/CasaDoAmor/src/main/java/com/casaDoAmor/CasaDoAmor/controller/DoadorController.java:[29,29] cannot find symbol
[ERROR]   symbol:   method getNome()
[ERROR]   location: variable dto of type com.casaDoAmor.CasaDoAmor.dto.DoadorDTO
[ERROR] /home/astra/projetos/CasaDoAmor/backend/CasaDoAmor/src/main/java/com/casaDoAmor/CasaDoAmor/controller/DoadorController.java:[30,30] cannot find symbol
[ERROR]   symbol:   method getEmail()
[ERROR]   location: variable dto of type com.casaDoAmor.CasaDoAmor.dto.DoadorDTO
[ERROR] /home/astra/projetos/CasaDoAmor/backend/CasaDoAmor/src/main/java/com/casaDoAmor/CasaDoAmor/controller/DoadorController.java:[31,33] cannot find symbol
[ERROR]   symbol:   method getTelefone()
[ERROR]   location: variable dto of type com.casaDoAmor.CasaDoAmor.dto.DoadorDTO
[ERROR] /home/astra/projetos/CasaDoAmor/backend/CasaDoAmor/src/main/java/com/casaDoAmor/CasaDoAmor/controller/DoadorController.java:[36,32] cannot find symbol
[ERROR]   symbol:   method getCpfCnpj()
[ERROR]   location: variable entidade of type com.casaDoAmor.CasaDoAmor.model.Doador
[ERROR] /home/astra/projetos/CasaDoAmor/backend/CasaDoAmor/src/main/java/com/casaDoAmor/CasaDoAmor/controller/DoadorController.java:[37,29] cannot find symbol
[ERROR]   symbol:   method getNome()
[ERROR]   location: variable entidade of type com.casaDoAmor.CasaDoAmor.model.Doador
[ERROR] /home/astra/projetos/CasaDoAmor/backend/CasaDoAmor/src/main/java/com/casaDoAmor/CasaDoAmor/controller/DoadorController.java:[38,30] cannot find symbol
[ERROR]   symbol:   method getEmail()
[ERROR]   location: variable entidade of type com.casaDoAmor.CasaDoAmor.model.Doador
[ERROR] /home/astra/projetos/CasaDoAmor/backend/CasaDoAmor/src/main/java/com/casaDoAmor/CasaDoAmor/controller/DoadorController.java:[39,33] cannot find symbol
[ERROR]   symbol:   method getTelefone()
[ERROR]   location: variable entidade of type com.casaDoAmor.CasaDoAmor.model.Doador
[ERROR] /home/astra/projetos/CasaDoAmor/backend/CasaDoAmor/src/main/java/com/casaDoAmor/CasaDoAmor/controller/DoadorController.java:[40,27] cannot find symbol
[ERROR]   symbol:   method getId()
[ERROR]   location: variable entidade of type com.casaDoAmor.CasaDoAmor.model.Doador
[ERROR] /home/astra/projetos/CasaDoAmor/backend/CasaDoAmor/src/main/java/com/casaDoAmor/CasaDoAmor/controller/DoadorController.java:[49,76] cannot find symbol
[ERROR]   symbol:   method getId()
[ERROR]   location: variable entidadeSalva of type com.casaDoAmor.CasaDoAmor.model.Doador
[ERROR] /home/astra/projetos/CasaDoAmor/backend/CasaDoAmor/src/main/java/com/casaDoAmor/CasaDoAmor/controller/NotificacaoController.java:[49,13] cannot find symbol
[ERROR]   symbol:   class Medicamento
[ERROR]   location: class com.CasaDoAmor.CasaDoAmor.controller.NotificacaoController
[ERROR] /home/astra/projetos/CasaDoAmor/backend/CasaDoAmor/src/main/java/com/casaDoAmor/CasaDoAmor/controller/NotificacaoController.java:[49,43] cannot find symbol
[ERROR]   symbol:   class Medicamento
[ERROR]   location: class com.CasaDoAmor.CasaDoAmor.controller.NotificacaoController
[ERROR] /home/astra/projetos/CasaDoAmor/backend/CasaDoAmor/src/main/java/com/casaDoAmor/CasaDoAmor/controller/NotificacaoController.java:[61,13] cannot find symbol
[ERROR]   symbol:   class Medicamento
[ERROR]   location: class com.CasaDoAmor.CasaDoAmor.controller.NotificacaoController
[ERROR] /home/astra/projetos/CasaDoAmor/backend/CasaDoAmor/src/main/java/com/casaDoAmor/CasaDoAmor/controller/NotificacaoController.java:[61,42] cannot find symbol
[ERROR]   symbol:   class Medicamento
[ERROR]   location: class com.CasaDoAmor.CasaDoAmor.controller.NotificacaoController
[ERROR] /home/astra/projetos/CasaDoAmor/backend/CasaDoAmor/src/main/java/com/casaDoAmor/CasaDoAmor/controller/NotificacaoController.java:[72,13] cannot find symbol
[ERROR]   symbol:   class Estoque
[ERROR]   location: class com.CasaDoAmor.CasaDoAmor.controller.NotificacaoController
[ERROR] /home/astra/projetos/CasaDoAmor/backend/CasaDoAmor/src/main/java/com/casaDoAmor/CasaDoAmor/controller/NotificacaoController.java:[72,40] cannot find symbol
[ERROR]   symbol:   class Estoque
[ERROR]   location: class com.CasaDoAmor.CasaDoAmor.controller.NotificacaoController
[ERROR] /home/astra/projetos/CasaDoAmor/backend/CasaDoAmor/src/main/java/com/casaDoAmor/CasaDoAmor/controller/UsuarioController.java:[32,29] cannot find symbol
[ERROR]   symbol:   method getNome()
[ERROR]   location: variable dto of type com.casaDoAmor.CasaDoAmor.dto.UsuarioDTO
[ERROR] /home/astra/projetos/CasaDoAmor/backend/CasaDoAmor/src/main/java/com/casaDoAmor/CasaDoAmor/controller/UsuarioController.java:[33,30] cannot find symbol
[ERROR]   symbol:   method getCargo()
[ERROR]   location: variable dto of type com.casaDoAmor.CasaDoAmor.dto.UsuarioDTO
[ERROR] /home/astra/projetos/CasaDoAmor/backend/CasaDoAmor/src/main/java/com/casaDoAmor/CasaDoAmor/controller/UsuarioController.java:[39,29] cannot find symbol
[ERROR]   symbol:   method getNome()
[ERROR]   location: variable entidade of type com.casaDoAmor.CasaDoAmor.model.Usuario
[ERROR] /home/astra/projetos/CasaDoAmor/backend/CasaDoAmor/src/main/java/com/casaDoAmor/CasaDoAmor/controller/UsuarioController.java:[40,30] cannot find symbol
[ERROR]   symbol:   method getCargo()
[ERROR]   location: variable entidade of type com.casaDoAmor.CasaDoAmor.model.Usuario
[ERROR] /home/astra/projetos/CasaDoAmor/backend/CasaDoAmor/src/main/java/com/casaDoAmor/CasaDoAmor/controller/UsuarioController.java:[41,27] cannot find symbol
[ERROR]   symbol:   method getId()
[ERROR]   location: variable entidade of type com.casaDoAmor.CasaDoAmor.model.Usuario
[ERROR] /home/astra/projetos/CasaDoAmor/backend/CasaDoAmor/src/main/java/com/casaDoAmor/CasaDoAmor/controller/UsuarioController.java:[49,76] cannot find symbol
[ERROR]   symbol:   method getId()
[ERROR]   location: variable entidadeSalva of type com.casaDoAmor.CasaDoAmor.model.Usuario
[ERROR] /home/astra/projetos/CasaDoAmor/backend/CasaDoAmor/src/main/java/com/casaDoAmor/CasaDoAmor/controller/EstoqueController.java:[27,35] cannot find symbol
[ERROR]   symbol:   method getQuantidade()
[ERROR]   location: variable dto of type com.casaDoAmor.CasaDoAmor.dto.EstoqueDTO
[ERROR] /home/astra/projetos/CasaDoAmor/backend/CasaDoAmor/src/main/java/com/casaDoAmor/CasaDoAmor/controller/EstoqueController.java:[28,38] cannot find symbol
[ERROR]   symbol:   method getEstoqueMinimo()
[ERROR]   location: variable dto of type com.casaDoAmor.CasaDoAmor.dto.EstoqueDTO
[ERROR] /home/astra/projetos/CasaDoAmor/backend/CasaDoAmor/src/main/java/com/casaDoAmor/CasaDoAmor/controller/EstoqueController.java:[29,38] cannot find symbol
[ERROR]   symbol:   method getEstoqueMaximo()
[ERROR]   location: variable dto of type com.casaDoAmor.CasaDoAmor.dto.EstoqueDTO
[ERROR] /home/astra/projetos/CasaDoAmor/backend/CasaDoAmor/src/main/java/com/casaDoAmor/CasaDoAmor/controller/EstoqueController.java:[30,31] cannot find symbol
[ERROR]   symbol:   method getStatus()
[ERROR]   location: variable dto of type com.casaDoAmor.CasaDoAmor.dto.EstoqueDTO
[ERROR] /home/astra/projetos/CasaDoAmor/backend/CasaDoAmor/src/main/java/com/casaDoAmor/CasaDoAmor/controller/EstoqueController.java:[36,35] cannot find symbol
[ERROR]   symbol:   method getQuantidade()
[ERROR]   location: variable entidade of type com.casaDoAmor.CasaDoAmor.model.Estoque
[ERROR] /home/astra/projetos/CasaDoAmor/backend/CasaDoAmor/src/main/java/com/casaDoAmor/CasaDoAmor/controller/EstoqueController.java:[37,38] cannot find symbol
[ERROR]   symbol:   method getEstoqueMinimo()
[ERROR]   location: variable entidade of type com.casaDoAmor.CasaDoAmor.model.Estoque
[ERROR] /home/astra/projetos/CasaDoAmor/backend/CasaDoAmor/src/main/java/com/casaDoAmor/CasaDoAmor/controller/EstoqueController.java:[38,38] cannot find symbol
[ERROR]   symbol:   method getEstoqueMaximo()
[ERROR]   location: variable entidade of type com.casaDoAmor.CasaDoAmor.model.Estoque
[ERROR] /home/astra/projetos/CasaDoAmor/backend/CasaDoAmor/src/main/java/com/casaDoAmor/CasaDoAmor/controller/EstoqueController.java:[39,31] cannot find symbol
[ERROR]   symbol:   method getStatus()
[ERROR]   location: variable entidade of type com.casaDoAmor.CasaDoAmor.model.Estoque
[ERROR] /home/astra/projetos/CasaDoAmor/backend/CasaDoAmor/src/main/java/com/casaDoAmor/CasaDoAmor/controller/EstoqueController.java:[40,27] cannot find symbol
[ERROR]   symbol:   method getId()
[ERROR]   location: variable entidade of type com.casaDoAmor.CasaDoAmor.model.Estoque
[ERROR] /home/astra/projetos/CasaDoAmor/backend/CasaDoAmor/src/main/java/com/casaDoAmor/CasaDoAmor/controller/EstoqueController.java:[47,76] cannot find symbol
[ERROR]   symbol:   method getId()
[ERROR]   location: variable entidadeSalva of type com.casaDoAmor.CasaDoAmor.model.Estoque
[ERROR] /home/astra/projetos/CasaDoAmor/backend/CasaDoAmor/src/main/java/com/casaDoAmor/CasaDoAmor/controller/DenominacaoGenericaController.java:[26,29] cannot find symbol
[ERROR]   symbol:   method getNome()
[ERROR]   location: variable dto of type com.casaDoAmor.CasaDoAmor.dto.DenominacaoGenericaDTO
[ERROR] /home/astra/projetos/CasaDoAmor/backend/CasaDoAmor/src/main/java/com/casaDoAmor/CasaDoAmor/controller/DenominacaoGenericaController.java:[31,29] cannot find symbol
[ERROR]   symbol:   method getNome()
[ERROR]   location: variable entidade of type com.casaDoAmor.CasaDoAmor.model.DenominacaoGenerica
[ERROR] /home/astra/projetos/CasaDoAmor/backend/CasaDoAmor/src/main/java/com/casaDoAmor/CasaDoAmor/controller/DenominacaoGenericaController.java:[32,27] cannot find symbol
[ERROR]   symbol:   method getId()
[ERROR]   location: variable entidade of type com.casaDoAmor.CasaDoAmor.model.DenominacaoGenerica
[ERROR] /home/astra/projetos/CasaDoAmor/backend/CasaDoAmor/src/main/java/com/casaDoAmor/CasaDoAmor/controller/DenominacaoGenericaController.java:[40,76] cannot find symbol
[ERROR]   symbol:   method getId()
[ERROR]   location: variable entidadeSalva of type com.casaDoAmor.CasaDoAmor.model.DenominacaoGenerica
[ERROR] -> [Help 1]
[ERROR] 
[ERROR] To see the full stack trace of the errors, re-run Maven with the -e switch.
[ERROR] Re-run Maven using the -X switch to enable full debug logging.
[ERROR] 
[ERROR] For more information about the errors and possible solutions, please read the following articles:
[ERROR] [Help 1] http://cwiki.apache.org/confluence/display/MAVEN/MojoFailureException
